<?xml version="1.0" encoding="UTF-8"?>
<!-- Generated by org.testng.reporters.JUnitReportReporter -->
<testsuite hostname="SUPRIYA" failures="0" tests="1" name="Runner.TestRunner" time="23.499" errors="0" timestamp="2025-03-07T23:50:53 IST" skipped="0">
  <testcase classname="Runner.TestRunner" name="runScenario" time="23.499"/>
</testsuite> <!-- Runner.TestRunner -->
