<?xml version="1.0" encoding="UTF-8"?>
<!-- Generated by org.testng.reporters.JUnitReportReporter -->
<testsuite hostname="SUPRIYA" failures="0" tests="1" name="Runner.TestRunner" time="29.872" errors="0" timestamp="2025-03-08T19:17:44 IST" skipped="0">
  <testcase classname="Runner.TestRunner" name="runScenario" time="29.872"/>
</testsuite> <!-- Runner.TestRunner -->
