<?xml version="1.0" encoding="UTF-8"?>
<!-- Generated by org.testng.reporters.JUnitReportReporter -->
<testsuite hostname="SUPRIYA" failures="0" tests="1" name="Runner.TestRunner" time="24.873" errors="0" timestamp="2025-03-08T00:45:43 IST" skipped="0">
  <testcase classname="Runner.TestRunner" name="runScenario" time="24.873"/>
</testsuite> <!-- Runner.TestRunner -->
