<?xml version="1.0" encoding="UTF-8"?>
<!-- Generated by org.testng.reporters.JUnitReportReporter -->
<testsuite hostname="SUPRIYA" failures="0" tests="1" name="Runner.TestRunner" time="22.360" errors="0" timestamp="2025-03-07T23:55:47 IST" skipped="0">
  <testcase classname="Runner.TestRunner" name="runScenario" time="22.360"/>
</testsuite> <!-- Runner.TestRunner -->
