<?xml version="1.0" encoding="UTF-8"?>
<!-- Generated by org.testng.reporters.JUnitReportReporter -->
<testsuite hostname="SUPRIYA" failures="0" tests="1" name="Runner.TestRunner" time="28.346" errors="0" timestamp="2025-03-20T12:03:46 IST" skipped="0">
  <testcase classname="Runner.TestRunner" name="runScenario" time="28.346"/>
</testsuite> <!-- Runner.TestRunner -->
