<?xml version="1.0" encoding="UTF-8"?>
<!-- Generated by org.testng.reporters.JUnitReportReporter -->
<testsuite hostname="SUPRIYA" failures="0" tests="1" name="Runner.TestRunner" time="34.959" errors="0" timestamp="2025-03-20T12:20:39 IST" skipped="0">
  <testcase classname="Runner.TestRunner" name="runScenario" time="34.959"/>
</testsuite> <!-- Runner.TestRunner -->
